t=2023-11-29T07:09:13+0000 lvl=info msg=Configured api=signer "audit log"=audit.log
t=2023-11-29T07:10:44+0000 lvl=info msg=Version    api=signer type=request metadata="{\"remote\":\"NA\",\"local\":\"NA\",\"scheme\":\"ipc\",\"User-Agent\":\"\",\"Origin\":\"\"}"
t=2023-11-29T07:10:44+0000 lvl=info msg=Version    api=signer type=response data=6.1.0 error=nil
t=2023-11-29T07:10:44+0000 lvl=info msg=List       api=signer type=request  metadata="{\"remote\":\"NA\",\"local\":\"NA\",\"scheme\":\"ipc\",\"User-Agent\":\"\",\"Origin\":\"\"}"
t=2023-11-29T07:13:27+0000 lvl=info msg=List       api=signer type=response data=[0xeE01e167aaA23D82306a61c4B33D09FF1295c860]
t=2023-11-29T07:15:50+0000 lvl=info msg=Configured api=signer "audit log"=audit.log
t=2023-11-29T07:16:02+0000 lvl=info msg=Version    api=signer type=request metadata="{\"remote\":\"NA\",\"local\":\"NA\",\"scheme\":\"ipc\",\"User-Agent\":\"\",\"Origin\":\"\"}"
t=2023-11-29T07:16:02+0000 lvl=info msg=Version    api=signer type=response data=6.1.0 error=nil
t=2023-11-29T07:16:02+0000 lvl=info msg=List       api=signer type=request  metadata="{\"remote\":\"NA\",\"local\":\"NA\",\"scheme\":\"ipc\",\"User-Agent\":\"\",\"Origin\":\"\"}"
t=2023-11-29T07:16:24+0000 lvl=info msg=List       api=signer type=response data=[0xeE01e167aaA23D82306a61c4B33D09FF1295c860]
t=2023-11-29T07:16:56+0000 lvl=info msg=Version    api=signer type=request  metadata="{\"remote\":\"NA\",\"local\":\"NA\",\"scheme\":\"ipc\",\"User-Agent\":\"\",\"Origin\":\"\"}"
t=2023-11-29T07:16:56+0000 lvl=info msg=Version    api=signer type=response data=6.1.0 error=nil
t=2023-11-29T07:16:56+0000 lvl=info msg=List       api=signer type=request  metadata="{\"remote\":\"NA\",\"local\":\"NA\",\"scheme\":\"ipc\",\"User-Agent\":\"\",\"Origin\":\"\"}"
t=2023-11-29T07:17:08+0000 lvl=info msg=List       api=signer type=response data=[0xeE01e167aaA23D82306a61c4B33D09FF1295c860]
t=2023-11-29T07:21:52+0000 lvl=info msg=Version    api=signer type=request  metadata="{\"remote\":\"NA\",\"local\":\"NA\",\"scheme\":\"ipc\",\"User-Agent\":\"\",\"Origin\":\"\"}"
t=2023-11-29T07:21:52+0000 lvl=info msg=Version    api=signer type=response data=6.1.0 error=nil
t=2023-11-29T07:21:52+0000 lvl=info msg=List       api=signer type=request  metadata="{\"remote\":\"NA\",\"local\":\"NA\",\"scheme\":\"ipc\",\"User-Agent\":\"\",\"Origin\":\"\"}"
t=2023-11-29T07:22:44+0000 lvl=info msg=List       api=signer type=response data=[0xeE01e167aaA23D82306a61c4B33D09FF1295c860]
t=2023-11-29T07:22:48+0000 lvl=info msg=Version    api=signer type=request  metadata="{\"remote\":\"NA\",\"local\":\"NA\",\"scheme\":\"ipc\",\"User-Agent\":\"\",\"Origin\":\"\"}"
t=2023-11-29T07:22:48+0000 lvl=info msg=Version    api=signer type=response data=6.1.0 error=nil
t=2023-11-29T07:22:48+0000 lvl=info msg=List       api=signer type=request  metadata="{\"remote\":\"NA\",\"local\":\"NA\",\"scheme\":\"ipc\",\"User-Agent\":\"\",\"Origin\":\"\"}"
t=2023-11-29T07:23:14+0000 lvl=info msg=List       api=signer type=response data=[0xeE01e167aaA23D82306a61c4B33D09FF1295c860]
t=2023-11-29T07:34:34+0000 lvl=info msg=Version    api=signer type=request  metadata="{\"remote\":\"NA\",\"local\":\"NA\",\"scheme\":\"ipc\",\"User-Agent\":\"\",\"Origin\":\"\"}"
t=2023-11-29T07:34:34+0000 lvl=info msg=Version    api=signer type=response data=6.1.0 error=nil
t=2023-11-29T07:34:34+0000 lvl=info msg=List       api=signer type=request  metadata="{\"remote\":\"NA\",\"local\":\"NA\",\"scheme\":\"ipc\",\"User-Agent\":\"\",\"Origin\":\"\"}"
t=2023-11-29T07:34:43+0000 lvl=info msg=List       api=signer type=response data=[0xeE01e167aaA23D82306a61c4B33D09FF1295c860]
t=2023-11-29T07:37:05+0000 lvl=info msg=Configured api=signer "audit log"=audit.log
t=2023-11-29T07:37:48+0000 lvl=info msg=Configured api=signer "audit log"=audit.log
t=2023-11-29T07:38:32+0000 lvl=info msg=Configured api=signer "audit log"=audit.log
t=2023-11-29T07:38:52+0000 lvl=info msg=Version    api=signer type=request metadata="{\"remote\":\"NA\",\"local\":\"NA\",\"scheme\":\"ipc\",\"User-Agent\":\"\",\"Origin\":\"\"}"
t=2023-11-29T07:38:52+0000 lvl=info msg=Version    api=signer type=response data=6.1.0 error=nil
t=2023-11-29T07:38:52+0000 lvl=info msg=List       api=signer type=request  metadata="{\"remote\":\"NA\",\"local\":\"NA\",\"scheme\":\"ipc\",\"User-Agent\":\"\",\"Origin\":\"\"}"
t=2023-11-29T07:38:52+0000 lvl=info msg=List       api=signer type=response data=[0xeE01e167aaA23D82306a61c4B33D09FF1295c860]
t=2023-11-29T07:39:30+0000 lvl=info msg=Version    api=signer type=request  metadata="{\"remote\":\"NA\",\"local\":\"NA\",\"scheme\":\"ipc\",\"User-Agent\":\"\",\"Origin\":\"\"}"
t=2023-11-29T07:39:30+0000 lvl=info msg=Version    api=signer type=response data=6.1.0 error=nil
t=2023-11-29T07:40:05+0000 lvl=info msg=Version    api=signer type=request  metadata="{\"remote\":\"NA\",\"local\":\"NA\",\"scheme\":\"ipc\",\"User-Agent\":\"\",\"Origin\":\"\"}"
t=2023-11-29T07:40:05+0000 lvl=info msg=Version    api=signer type=response data=6.1.0 error=nil
t=2023-11-29T07:40:05+0000 lvl=info msg=List       api=signer type=request  metadata="{\"remote\":\"NA\",\"local\":\"NA\",\"scheme\":\"ipc\",\"User-Agent\":\"\",\"Origin\":\"\"}"
t=2023-11-29T07:40:05+0000 lvl=info msg=List       api=signer type=response data=[0xeE01e167aaA23D82306a61c4B33D09FF1295c860]
t=2023-11-29T07:44:51+0000 lvl=info msg=Version    api=signer type=request  metadata="{\"remote\":\"NA\",\"local\":\"NA\",\"scheme\":\"ipc\",\"User-Agent\":\"\",\"Origin\":\"\"}"
t=2023-11-29T07:44:51+0000 lvl=info msg=Version    api=signer type=response data=6.1.0 error=nil
t=2023-11-29T07:44:51+0000 lvl=info msg=List       api=signer type=request  metadata="{\"remote\":\"NA\",\"local\":\"NA\",\"scheme\":\"ipc\",\"User-Agent\":\"\",\"Origin\":\"\"}"
t=2023-11-29T07:44:51+0000 lvl=info msg=List       api=signer type=response data=[0xeE01e167aaA23D82306a61c4B33D09FF1295c860]
